Started at Wed Dec 29 11:59:37 UTC 2021
Processing job1
Offering job1 to Project Build Discarder
Processing job2
Offering job2 to Project Build Discarder
Processing Job3
Offering Job3 to Project Build Discarder
Finished at Wed Dec 29 11:59:37 UTC 2021. 2ms
Started at Wed Dec 29 12:59:37 UTC 2021
Processing job1
Offering job1 to Project Build Discarder
Processing job2
Offering job2 to Project Build Discarder
Processing Job3
Offering Job3 to Project Build Discarder
Finished at Wed Dec 29 12:59:37 UTC 2021. 3ms
Started at Wed Dec 29 13:59:37 UTC 2021
Processing job1
Offering job1 to Project Build Discarder
Processing job2
Offering job2 to Project Build Discarder
Processing Job3
Offering Job3 to Project Build Discarder
Finished at Wed Dec 29 13:59:37 UTC 2021. 1ms
Started at Wed Dec 29 14:59:37 UTC 2021
Processing job1
Offering job1 to Project Build Discarder
Processing job2
Offering job2 to Project Build Discarder
Processing Job3
Offering Job3 to Project Build Discarder
Finished at Wed Dec 29 14:59:37 UTC 2021. 1ms
Started at Wed Dec 29 15:59:37 UTC 2021
Processing job1
Offering job1 to Project Build Discarder
Processing job2
Offering job2 to Project Build Discarder
Processing Job3
Offering Job3 to Project Build Discarder
Finished at Wed Dec 29 15:59:37 UTC 2021. 1ms
Started at Wed Dec 29 16:59:37 UTC 2021
Processing job1
Offering job1 to Project Build Discarder
Processing job2
Offering job2 to Project Build Discarder
Processing Job3
Offering Job3 to Project Build Discarder
Finished at Wed Dec 29 16:59:37 UTC 2021. 2ms
Started at Wed Dec 29 17:59:37 UTC 2021
Processing job1
Offering job1 to Project Build Discarder
Processing job2
Offering job2 to Project Build Discarder
Processing Job3
Offering Job3 to Project Build Discarder
Finished at Wed Dec 29 17:59:37 UTC 2021. 1ms
Started at Wed Dec 29 18:59:37 UTC 2021
Processing job1
Offering job1 to Project Build Discarder
Processing job2
Offering job2 to Project Build Discarder
Processing Job3
Offering Job3 to Project Build Discarder
Finished at Wed Dec 29 18:59:37 UTC 2021. 1ms
Started at Wed Dec 29 19:59:37 UTC 2021
Processing job1
Offering job1 to Project Build Discarder
Processing job2
Offering job2 to Project Build Discarder
Processing Job3
Offering Job3 to Project Build Discarder
Finished at Wed Dec 29 19:59:37 UTC 2021. 4ms
Started at Wed Dec 29 20:59:37 UTC 2021
Processing job1
Offering job1 to Project Build Discarder
Processing job2
Offering job2 to Project Build Discarder
Processing Job3
Offering Job3 to Project Build Discarder
Finished at Wed Dec 29 20:59:37 UTC 2021. 1ms
Started at Wed Dec 29 21:59:37 UTC 2021
Processing job1
Offering job1 to Project Build Discarder
Processing job2
Offering job2 to Project Build Discarder
Processing Job3
Offering Job3 to Project Build Discarder
Finished at Wed Dec 29 21:59:37 UTC 2021. 1ms
Started at Wed Dec 29 22:59:37 UTC 2021
Processing job1
Offering job1 to Project Build Discarder
Processing job2
Offering job2 to Project Build Discarder
Processing Job3
Offering Job3 to Project Build Discarder
Finished at Wed Dec 29 22:59:37 UTC 2021. 1ms
Started at Wed Dec 29 23:59:37 UTC 2021
Processing job1
Offering job1 to Project Build Discarder
Processing job2
Offering job2 to Project Build Discarder
Processing Job3
Offering Job3 to Project Build Discarder
Finished at Wed Dec 29 23:59:37 UTC 2021. 2ms
Started at Thu Dec 30 00:59:37 UTC 2021
Processing job1
Offering job1 to Project Build Discarder
Processing job2
Offering job2 to Project Build Discarder
Processing Job3
Offering Job3 to Project Build Discarder
Finished at Thu Dec 30 00:59:37 UTC 2021. 1ms
Started at Thu Dec 30 01:59:37 UTC 2021
Processing job1
Offering job1 to Project Build Discarder
Processing job2
Offering job2 to Project Build Discarder
Processing Job3
Offering Job3 to Project Build Discarder
Finished at Thu Dec 30 01:59:37 UTC 2021. 1ms
Started at Thu Dec 30 02:59:37 UTC 2021
Processing job1
Offering job1 to Project Build Discarder
Processing job2
Offering job2 to Project Build Discarder
Processing Job3
Offering Job3 to Project Build Discarder
Finished at Thu Dec 30 02:59:37 UTC 2021. 1ms
